<?xml version="1.0" encoding="UTF-8"?>
<!-- Generated by org.testng.reporters.JUnitXMLReporter -->
<testsuite ignored="0" hostname="LAPTOP-N584PLAN" failures="0" tests="3" name="Test" time="50.505" errors="0" timestamp="2025-02-14T22:41:55 IST">
  <testcase classname="Tests.compareJsonTest" name="testJsonComparison" time="0.664"/>
  <testcase classname="Tests.ApiGeneratorTest" name="testApiGeneration" time="41.911"/>
  <testcase classname="Tests.APITest" name="testGetRequest" time="2.934"/>
</testsuite> <!-- Test -->
